{"message":"Username is already registered","level":"error"}
{"message":"Error handling task EMAIL_SEND (D94NSoMlD)","level":"error"}
{"message":"Error handling task EMAIL_SEND (NdQCNwzID)","level":"error"}
{"message":"Error handling task EMAIL_SEND (jQzwKJPzE)","level":"error"}
{"message":"Error handling task EMAIL_SEND (-YnhIvLJK)","level":"error"}
{"message":"Error handling task EMAIL_SEND (SDRx89auM)","level":"error"}
{"message":"Error handling task EMAIL_SEND (votKYAn5f)","level":"error"}
{"message":"Error handling task EMAIL_SEND (LQVzibfEM)","level":"error"}
{"message":"Error handling task EMAIL_SEND (unfi1cgpw)","level":"error"}
{"message":"Error handling task EMAIL_SEND (8hZAv5rcY)","level":"error"}
{"message":"Error handling task EMAIL_SEND (g97nHt8J1)","level":"error"}
{"message":"Error handling task EMAIL_SEND (-_H0KrojP)","level":"error"}
{"message":"Error handling task EMAIL_SEND (IgUeieEnB)","level":"error"}
{"message":"Error handling task EMAIL_SEND (IF_950uHL)","level":"error"}
{"message":"Error handling task EMAIL_SEND (hsDmkVmUV)","level":"error"}
{"message":"Error handling task EMAIL_SEND (6WcWILlol)","level":"error"}
{"message":"Error handling task EMAIL_SEND (vjiehu4G5)","level":"error"}
{"message":"Error handling task EMAIL_SEND (2Ua1VwvTc)","level":"error"}
{"message":"Error handling task EMAIL_SEND (YAVQ6MkmI)","level":"error"}
{"message":"Error handling task EMAIL_SEND (Vik4bRHKX)","level":"error"}
{"message":"Error handling task EMAIL_SEND (cTxL_Rbf5)","level":"error"}
{"message":"Error handling task EMAIL_SEND (NxOs0j5Nr)","level":"error"}
{"message":"Error handling task EMAIL_SEND (sgCrYVNrN)","level":"error"}
{"message":"Error handling task EMAIL_SEND (hf7K94yq6)","level":"error"}
{"message":"Error handling task EMAIL_SEND (_4O2aGcP6)","level":"error"}
{"message":"Error handling task EMAIL_SEND (dl1bL3Bdi)","level":"error"}
{"message":"Error handling task EMAIL_SEND (0K8kU0Iyh)","level":"error"}
{"message":"Error handling task EMAIL_SEND (kjZ4gy_15)","level":"error"}
{"message":"Error handling task EMAIL_SEND (41C4oPeOm)","level":"error"}
{"message":"Error handling task EMAIL_SEND (U1oeNO1yu)","level":"error"}
{"message":"Error handling task EMAIL_SEND (ojHY77gic)","level":"error"}
{"message":"Error handling task EMAIL_SEND (4LcsmreS-)","level":"error"}
{"message":"Error sending e-mail, \u001b[31mForbidden (403)\u001b[39m\n  \u001b[33mThe from address does not match a verified Sender Identity. Mail cannot be sent until this error is resolved. Visit https://sendgrid.com/docs/for-developers/sending-email/sender-identity/ to see the Sender Identity requirements\u001b[39m\n    \u001b[90mfrom\u001b[39m\n    \u001b[90mnull\u001b[39m","level":"error"}
{"message":"Error sending e-mail, \u001b[31mForbidden (403)\u001b[39m\n  \u001b[33mThe from address does not match a verified Sender Identity. Mail cannot be sent until this error is resolved. Visit https://sendgrid.com/docs/for-developers/sending-email/sender-identity/ to see the Sender Identity requirements\u001b[39m\n    \u001b[90mfrom\u001b[39m\n    \u001b[90mnull\u001b[39m","level":"error"}
